<?xml version="1.0" encoding="UTF-8"?>
<!-- Generated by org.testng.reporters.JUnitReportReporter -->
<testsuite hostname="SANDHARA" failures="0" tests="2" name="tests.DataProvideSample" time="17.464" errors="0" timestamp="2024-04-29T21:26:40 IST" skipped="0">
  <testcase classname="tests.DataProvideSample" name="simpleFormDemo" time="10.108"/>
  <system-out/>
  <testcase classname="tests.DataProvideSample" name="simpleFormDemo" time="7.356"/>
  <system-out/>
</testsuite> <!-- tests.DataProvideSample -->
