<?xml version="1.0" encoding="UTF-8"?>
<!-- Generated by org.testng.reporters.JUnitXMLReporter -->
<testsuite ignored="5" hostname="SANDHARA" failures="0" tests="1" name="Default test" time="9.094" errors="0" timestamp="2026-02-26T00:16:39 IST">
  <testcase classname="com.test.VerifyingTheBaseTestClass" name="enableNoRadioButton" time="4.315"/>
  <testcase classname="com.test.VerifyingTheBaseTestClass" name="checkBoxVerifying" time="0.0">
    <ignored/>
  </testcase> <!-- checkBoxVerifying -->
  <testcase classname="com.test.VerifyingTheBaseTestClass" name="element_TextBox1" time="0.0">
    <ignored/>
  </testcase> <!-- element_TextBox1 -->
  <testcase classname="com.test.VerifyingTheBaseTestClass" name="sauceLogin" time="0.0">
    <ignored/>
  </testcase> <!-- sauceLogin -->
  <testcase classname="com.test.VerifyingTheBaseTestClass" name="test1" time="0.0">
    <ignored/>
  </testcase> <!-- test1 -->
  <testcase classname="com.test.VerifyingTheBaseTestClass" name="verifyRadioButton" time="0.0">
    <ignored/>
  </testcase> <!-- verifyRadioButton -->
</testsuite> <!-- Default test -->
