<?xml version="1.0" encoding="UTF-8"?>
<testng-results ignored="0" total="3" passed="3" failed="0" skipped="0">
  <reporter-output>
  </reporter-output>
  <suite started-at="2024-08-22T07:39:41 IST" name="MyDemoSuite" finished-at="2024-08-22T07:39:51 IST" duration-ms="9943">
    <groups>
    </groups>
    <test started-at="2024-08-22T07:39:41 IST" name="edgetest" finished-at="2024-08-22T07:39:51 IST" duration-ms="9943">
      <class name="tests.AlertsAndModels">
        <test-method signature="Sample()[pri:0, instance:tests.AlertsAndModels@70e8f8e]" started-at="2024-08-22T07:39:41 IST" name="Sample" finished-at="2024-08-22T07:39:47 IST" duration-ms="5430" status="PASS">
          <reporter-output>
          </reporter-output>
        </test-method> <!-- Sample -->
        <test-method signature="scroll()[pri:0, instance:tests.AlertsAndModels@70e8f8e]" started-at="2024-08-22T07:39:47 IST" name="scroll" finished-at="2024-08-22T07:39:51 IST" duration-ms="4475" status="PASS">
          <reporter-output>
          </reporter-output>
        </test-method> <!-- scroll -->
      </class> <!-- tests.AlertsAndModels -->
      <class name="tests.CheckBox">
        <test-method signature="tickCheckBox()[pri:0, instance:tests.CheckBox@67a20f67]" started-at="2024-08-22T07:39:41 IST" name="tickCheckBox" finished-at="2024-08-22T07:39:47 IST" duration-ms="6020" status="PASS">
          <reporter-output>
          </reporter-output>
        </test-method> <!-- tickCheckBox -->
      </class> <!-- tests.CheckBox -->
    </test> <!-- edgetest -->
  </suite> <!-- MyDemoSuite -->
</testng-results>
