<?xml version="1.0" encoding="UTF-8"?>
<testng-results ignored="0" total="1" passed="1" failed="0" skipped="0">
  <reporter-output>
  </reporter-output>
  <suite started-at="2024-05-15T22:41:29 IST" name="MyDemoSuite" finished-at="2024-05-15T22:41:55 IST" duration-ms="25430">
    <groups>
    </groups>
    <test started-at="2024-05-15T22:41:29 IST" name="edgetest" finished-at="2024-05-15T22:41:55 IST" duration-ms="25430">
      <class name="testPackage.FacebookLike">
        <test-method is-config="true" signature="browserSelection(java.lang.String)[pri:0, instance:testPackage.FacebookLike@3d51f06e]" started-at="2024-05-15T22:41:30 IST" name="browserSelection" finished-at="2024-05-15T22:41:35 IST" duration-ms="5210" status="PASS">
          <params>
            <param index="0">
              <value>
                <![CDATA[chrome]]>
              </value>
            </param>
          </params>
          <reporter-output>
          </reporter-output>
        </test-method> <!-- browserSelection -->
        <test-method signature="LikeUsonFaceBook()[pri:0, instance:testPackage.FacebookLike@3d51f06e]" started-at="2024-05-15T22:41:35 IST" name="LikeUsonFaceBook" finished-at="2024-05-15T22:41:55 IST" duration-ms="19969" status="PASS">
          <reporter-output>
          </reporter-output>
        </test-method> <!-- LikeUsonFaceBook -->
        <test-method is-config="true" signature="driverClose()[pri:0, instance:testPackage.FacebookLike@3d51f06e]" started-at="2024-05-15T22:41:55 IST" name="driverClose" finished-at="2024-05-15T22:41:55 IST" duration-ms="203" status="PASS">
          <reporter-output>
          </reporter-output>
        </test-method> <!-- driverClose -->
      </class> <!-- testPackage.FacebookLike -->
    </test> <!-- edgetest -->
  </suite> <!-- MyDemoSuite -->
</testng-results>
