<?xml version="1.0" encoding="UTF-8"?>
<testng-results ignored="0" total="1" passed="1" failed="0" skipped="0">
  <reporter-output>
  </reporter-output>
  <suite started-at="2024-05-03T20:14:18 IST" name="Default suite" finished-at="2024-05-03T20:14:25 IST" duration-ms="6701">
    <groups>
    </groups>
    <test started-at="2024-05-03T20:14:18 IST" name="Default test" finished-at="2024-05-03T20:14:25 IST" duration-ms="6701">
      <class name="tests.DragAndDrop">
        <test-method signature="dragAndDrop()[pri:0, instance:tests.DragAndDrop@29215f06]" started-at="2024-05-03T20:14:18 IST" name="dragAndDrop" finished-at="2024-05-03T20:14:25 IST" duration-ms="6666" status="PASS">
          <reporter-output>
          </reporter-output>
        </test-method> <!-- dragAndDrop -->
      </class> <!-- tests.DragAndDrop -->
    </test> <!-- Default test -->
  </suite> <!-- Default suite -->
</testng-results>
