<?xml version="1.0" encoding="UTF-8"?>
<testng-results ignored="3" total="4" passed="1" failed="0" skipped="0">
  <reporter-output>
  </reporter-output>
  <suite started-at="2026-03-19T10:57:13 IST" name="Default suite" finished-at="2026-03-19T10:57:28 IST" duration-ms="15042">
    <groups>
    </groups>
    <test started-at="2026-03-19T10:57:13 IST" name="Default test" finished-at="2026-03-19T10:57:28 IST" duration-ms="15042">
      <class name="com.test.VerifyingTheBaseTest">
        <test-method is-config="true" signature="driverManager()[pri:0, instance:com.test.VerifyingTheBaseTest@21e360a]" started-at="2026-03-19T10:57:13 IST" name="driverManager" finished-at="2026-03-19T10:57:17 IST" duration-ms="4034" status="PASS">
          <reporter-output>
          </reporter-output>
        </test-method> <!-- driverManager -->
        <test-method signature="element_TextBox1()[pri:0, instance:com.test.VerifyingTheBaseTest@21e360a]" started-at="2026-03-19T10:57:17 IST" name="element_TextBox1" finished-at="2026-03-19T10:57:28 IST" duration-ms="10807" status="PASS">
          <reporter-output>
          </reporter-output>
        </test-method> <!-- element_TextBox1 -->
        <test-method is-config="true" signature="quitBrowser()[pri:0, instance:com.test.VerifyingTheBaseTest@21e360a]" started-at="2026-03-19T10:57:28 IST" name="quitBrowser" finished-at="2026-03-19T10:57:28 IST" duration-ms="170" status="PASS">
          <reporter-output>
          </reporter-output>
        </test-method> <!-- quitBrowser -->
      </class> <!-- com.test.VerifyingTheBaseTest -->
    </test> <!-- Default test -->
  </suite> <!-- Default suite -->
</testng-results>
