<?xml version="1.0" encoding="UTF-8"?>
<testng-results ignored="0" total="4" passed="4" failed="0" skipped="0">
  <reporter-output>
  </reporter-output>
  <suite started-at="2026-03-19T10:48:06 IST" name="MySuite" finished-at="2026-03-19T10:48:51 IST" duration-ms="44598">
    <groups>
    </groups>
    <test started-at="2026-03-19T10:48:06 IST" name="LoginTest" finished-at="2026-03-19T10:48:51 IST" duration-ms="44598">
      <class name="com.test.VerifyingTheBaseTest">
        <test-method is-config="true" signature="driverManager()[pri:0, instance:com.test.VerifyingTheBaseTest@543588e6]" started-at="2026-03-19T10:48:06 IST" name="driverManager" finished-at="2026-03-19T10:48:15 IST" duration-ms="8603" status="PASS">
          <reporter-output>
          </reporter-output>
        </test-method> <!-- driverManager -->
        <test-method signature="verifyRadioButton()[pri:0, instance:com.test.VerifyingTheBaseTest@543588e6]" started-at="2026-03-19T10:48:15 IST" name="verifyRadioButton" finished-at="2026-03-19T10:48:19 IST" duration-ms="4473" status="PASS">
          <reporter-output>
          </reporter-output>
        </test-method> <!-- verifyRadioButton -->
        <test-method is-config="true" signature="quitBrowser()[pri:0, instance:com.test.VerifyingTheBaseTest@543588e6]" started-at="2026-03-19T10:48:19 IST" name="quitBrowser" finished-at="2026-03-19T10:48:20 IST" duration-ms="242" status="PASS">
          <reporter-output>
          </reporter-output>
        </test-method> <!-- quitBrowser -->
        <test-method is-config="true" signature="driverManager()[pri:0, instance:com.test.VerifyingTheBaseTest@543588e6]" started-at="2026-03-19T10:48:20 IST" name="driverManager" finished-at="2026-03-19T10:48:23 IST" duration-ms="3016" status="PASS">
          <reporter-output>
          </reporter-output>
        </test-method> <!-- driverManager -->
        <test-method signature="checkBoxVerifying()[pri:0, instance:com.test.VerifyingTheBaseTest@543588e6]" started-at="2026-03-19T10:48:23 IST" name="checkBoxVerifying" finished-at="2026-03-19T10:48:28 IST" duration-ms="4984" status="PASS">
          <reporter-output>
          </reporter-output>
        </test-method> <!-- checkBoxVerifying -->
        <test-method is-config="true" signature="quitBrowser()[pri:0, instance:com.test.VerifyingTheBaseTest@543588e6]" started-at="2026-03-19T10:48:28 IST" name="quitBrowser" finished-at="2026-03-19T10:48:28 IST" duration-ms="550" status="PASS">
          <reporter-output>
          </reporter-output>
        </test-method> <!-- quitBrowser -->
        <test-method is-config="true" signature="driverManager()[pri:0, instance:com.test.VerifyingTheBaseTest@543588e6]" started-at="2026-03-19T10:48:28 IST" name="driverManager" finished-at="2026-03-19T10:48:32 IST" duration-ms="4091" status="PASS">
          <reporter-output>
          </reporter-output>
        </test-method> <!-- driverManager -->
        <test-method signature="element_TextBox1()[pri:0, instance:com.test.VerifyingTheBaseTest@543588e6]" started-at="2026-03-19T10:48:32 IST" name="element_TextBox1" finished-at="2026-03-19T10:48:43 IST" duration-ms="10815" status="PASS">
          <reporter-output>
          </reporter-output>
        </test-method> <!-- element_TextBox1 -->
        <test-method is-config="true" signature="quitBrowser()[pri:0, instance:com.test.VerifyingTheBaseTest@543588e6]" started-at="2026-03-19T10:48:43 IST" name="quitBrowser" finished-at="2026-03-19T10:48:43 IST" duration-ms="207" status="PASS">
          <reporter-output>
          </reporter-output>
        </test-method> <!-- quitBrowser -->
        <test-method is-config="true" signature="driverManager()[pri:0, instance:com.test.VerifyingTheBaseTest@543588e6]" started-at="2026-03-19T10:48:43 IST" name="driverManager" finished-at="2026-03-19T10:48:46 IST" duration-ms="2999" status="PASS">
          <reporter-output>
          </reporter-output>
        </test-method> <!-- driverManager -->
        <test-method signature="enableNoRadioButton()[pri:0, instance:com.test.VerifyingTheBaseTest@543588e6]" started-at="2026-03-19T10:48:46 IST" name="enableNoRadioButton" finished-at="2026-03-19T10:48:51 IST" depends-on-methods="com.test.VerifyingTheBaseTest.verifyRadioButton" duration-ms="4395" status="PASS">
          <reporter-output>
          </reporter-output>
        </test-method> <!-- enableNoRadioButton -->
        <test-method is-config="true" signature="quitBrowser()[pri:0, instance:com.test.VerifyingTheBaseTest@543588e6]" started-at="2026-03-19T10:48:51 IST" name="quitBrowser" finished-at="2026-03-19T10:48:51 IST" duration-ms="180" status="PASS">
          <reporter-output>
          </reporter-output>
        </test-method> <!-- quitBrowser -->
      </class> <!-- com.test.VerifyingTheBaseTest -->
    </test> <!-- LoginTest -->
  </suite> <!-- MySuite -->
</testng-results>
