<?xml version="1.0" encoding="UTF-8"?>
<!-- Generated by org.testng.reporters.JUnitReportReporter -->
<testsuite hostname="SANDHARA" failures="0" tests="4" name="com.test.VerifyingTheBaseTest" time="44.555" errors="0" timestamp="2026-03-19T10:48:51 IST" skipped="0">
  <testcase classname="com.test.VerifyingTheBaseTest" name="enableNoRadioButton" time="7.944"/>
  <system-out/>
  <testcase classname="com.test.VerifyingTheBaseTest" name="checkBoxVerifying" time="13.829"/>
  <system-out/>
  <testcase classname="com.test.VerifyingTheBaseTest" name="verifyRadioButton" time="8.744"/>
  <system-out/>
  <testcase classname="com.test.VerifyingTheBaseTest" name="element_TextBox1" time="14.038"/>
  <system-out/>
</testsuite> <!-- com.test.VerifyingTheBaseTest -->
